<?xml version="1.0" encoding="UTF-8"?>
<!-- Generated by org.testng.reporters.JUnitXMLReporter -->
<testsuite hostname="DESKTOP-2B1LI3H" ignored="9" name="Default test" tests="1" failures="0" timestamp="11 Nov 2018 23:18:05 GMT" time="1.44" errors="0">
  <testcase name="testWireMockStatefulBehaviour" time="1.421" classname="restwiremock.WiremockServiceVirtualisation"/>
  <testcase name="testWireMockUniformDelayDistribution" time="0.0" classname="restwiremock.WiremockServiceVirtualisation">
    <ignored/>
  </testcase> <!-- testWireMockUniformDelayDistribution -->
  <testcase name="testWireMockStateful" time="0.0" classname="restwiremock.WiremockServiceVirtualisation">
    <ignored/>
  </testcase> <!-- testWireMockStateful -->
  <testcase name="testWireMockLogDelayDistribution" time="0.0" classname="restwiremock.WiremockServiceVirtualisation">
    <ignored/>
  </testcase> <!-- testWireMockLogDelayDistribution -->
  <testcase name="testWireMockDynamicResponse" time="0.0" classname="restwiremock.WiremockServiceVirtualisation">
    <ignored/>
  </testcase> <!-- testWireMockDynamicResponse -->
  <testcase name="testWireMockSpecificURL" time="0.0" classname="restwiremock.WiremockServiceVirtualisation">
    <ignored/>
  </testcase> <!-- testWireMockSpecificURL -->
  <testcase name="testWireMockChunkedDelay" time="0.0" classname="restwiremock.WiremockServiceVirtualisation">
    <ignored/>
  </testcase> <!-- testWireMockChunkedDelay -->
  <testcase name="testWireMockFault" time="0.0" classname="restwiremock.WiremockServiceVirtualisation">
    <ignored/>
  </testcase> <!-- testWireMockFault -->
  <testcase name="testWireMockFixedDelay" time="0.0" classname="restwiremock.WiremockServiceVirtualisation">
    <ignored/>
  </testcase> <!-- testWireMockFixedDelay -->
  <testcase name="testWireDefaultURL" time="0.0" classname="restwiremock.WiremockServiceVirtualisation">
    <ignored/>
  </testcase> <!-- testWireDefaultURL -->
</testsuite> <!-- Default test -->
