<?xml version="1.0" encoding="UTF-8"?>
<!-- Generated by org.testng.reporters.JUnitXMLReporter -->
<testsuite hostname="AnnaInspiron" ignored="2" name="Default test" tests="8" failures="0" timestamp="05 Sep 2018 07:05:52 GMT" time="46.958" errors="0">
  <testcase name="RESTJSONContentsEditString" time="44.106" classname="restAssuredAPIDemosPackage.BasicAPITest"/>
  <testcase name="RESTJSONContentsEditString" time="0.139" classname="restAssuredAPIDemosPackage.BasicAPITest"/>
  <testcase name="RESTJSONContentsEditString" time="0.24" classname="restAssuredAPIDemosPackage.BasicAPITest"/>
  <testcase name="RESTPathsTest" time="0.499" classname="restAssuredAPIDemosPackage.BasicAPITest"/>
  <testcase name="RESTPathsTest" time="0.103" classname="restAssuredAPIDemosPackage.BasicAPITest"/>
  <testcase name="RESTPathsTest" time="0.027" classname="restAssuredAPIDemosPackage.BasicAPITest"/>
  <testcase name="exampleRestTest" time="0.252" classname="restAssuredAPIDemosPackage.BasicAPITest"/>
  <testcase name="testHeadersAndCookies" time="0.186" classname="restAssuredAPIDemosPackage.BasicAPITest"/>
  <testcase name="RESTJSONContentsWithBuilder" time="0.0" classname="restAssuredAPIDemosPackage.BasicAPITest">
    <ignored/>
  </testcase> <!-- RESTJSONContentsWithBuilder -->
  <testcase name="URLsToBTested" time="0.0" classname="restAssuredAPIDemosPackage.BasicAPITest">
    <ignored/>
  </testcase> <!-- URLsToBTested -->
</testsuite> <!-- Default test -->
