<?xml version="1.0" encoding="UTF-8"?>
<testng-results skipped="0" failed="0" ignored="9" total="10" passed="1">
  <reporter-output>
  </reporter-output>
  <suite name="Default suite" duration-ms="1440" started-at="2018-11-11T23:18:03Z" finished-at="2018-11-11T23:18:05Z">
    <groups>
    </groups>
    <test name="Default test" duration-ms="1440" started-at="2018-11-11T23:18:03Z" finished-at="2018-11-11T23:18:05Z">
      <class name="restwiremock.WiremockServiceVirtualisation">
        <test-method status="PASS" signature="testWireMockStatefulBehaviour()[pri:0, instance:restwiremock.WiremockServiceVirtualisation@72d818d1]" name="testWireMockStatefulBehaviour" duration-ms="1421" started-at="2018-11-11T23:18:03Z" finished-at="2018-11-11T23:18:05Z">
          <reporter-output>
          </reporter-output>
        </test-method> <!-- testWireMockStatefulBehaviour -->
      </class> <!-- restwiremock.WiremockServiceVirtualisation -->
    </test> <!-- Default test -->
  </suite> <!-- Default suite -->
</testng-results>
